140525  8:08:24 [Note] Plugin 'FEDERATED' is disabled.
140525  8:08:24 InnoDB: The InnoDB memory heap is disabled
140525  8:08:24 InnoDB: Mutexes and rw_locks use Windows interlocked functions
140525  8:08:24 InnoDB: Compressed tables use zlib 1.2.3
140525  8:08:24 InnoDB: Initializing buffer pool, size = 107.0M
140525  8:08:24 InnoDB: Completed initialization of buffer pool
InnoDB: The first specified data file .\ibdata1 did not exist:
InnoDB: a new database to be created!
140525  8:08:24  InnoDB: Setting file .\ibdata1 size to 10 MB
InnoDB: Database physically writes the file full: wait...
140525  8:08:24  InnoDB: Log file .\ib_logfile0 did not exist: new to be created
InnoDB: Setting log file .\ib_logfile0 size to 54 MB
InnoDB: Database physically writes the file full: wait...
140525  8:08:25  InnoDB: Log file .\ib_logfile1 did not exist: new to be created
InnoDB: Setting log file .\ib_logfile1 size to 54 MB
InnoDB: Database physically writes the file full: wait...
InnoDB: Doublewrite buffer not found: creating new
InnoDB: Doublewrite buffer created
InnoDB: 127 rollback segment(s) active.
InnoDB: Creating foreign key constraint system tables
InnoDB: Foreign key constraint system tables created
140525  8:08:26  InnoDB: Waiting for the background threads to start
140525  8:08:27 InnoDB: 1.1.5 started; log sequence number 0
140525  8:08:27 [Note] Event Scheduler: Loaded 0 events
140525  8:08:27 [Note] D:\Program Files\MySQL\MySQL Server 5.5\bin\mysqld: ready for connections.
Version: '5.5.10'  socket: ''  port: 3306  MySQL Community Server (GPL)
140525  8:13:26 [Note] D:\Program Files\MySQL\MySQL Server 5.5\bin\mysqld: Normal shutdown

140525  8:13:26 [Note] Event Scheduler: Purging the queue. 0 events
140525  8:13:28 [Warning] D:\Program Files\MySQL\MySQL Server 5.5\bin\mysqld: Forcing close of thread 15  user: 'root'

140525  8:13:28 [Warning] D:\Program Files\MySQL\MySQL Server 5.5\bin\mysqld: Forcing close of thread 14  user: 'root'

140525  8:13:28 [Warning] D:\Program Files\MySQL\MySQL Server 5.5\bin\mysqld: Forcing close of thread 13  user: 'root'

140525  8:13:28 [Warning] D:\Program Files\MySQL\MySQL Server 5.5\bin\mysqld: Forcing close of thread 12  user: 'root'

140525  8:13:28 [Warning] D:\Program Files\MySQL\MySQL Server 5.5\bin\mysqld: Forcing close of thread 11  user: 'root'

140525  8:13:28 [Warning] D:\Program Files\MySQL\MySQL Server 5.5\bin\mysqld: Forcing close of thread 10  user: 'root'

140525  8:13:28 [Warning] D:\Program Files\MySQL\MySQL Server 5.5\bin\mysqld: Forcing close of thread 9  user: 'root'

140525  8:13:28 [Warning] D:\Program Files\MySQL\MySQL Server 5.5\bin\mysqld: Forcing close of thread 8  user: 'root'

140525  8:13:28 [Warning] D:\Program Files\MySQL\MySQL Server 5.5\bin\mysqld: Forcing close of thread 7  user: 'root'

140525  8:13:28 [Warning] D:\Program Files\MySQL\MySQL Server 5.5\bin\mysqld: Forcing close of thread 6  user: 'root'

140525  8:13:28 [Warning] D:\Program Files\MySQL\MySQL Server 5.5\bin\mysqld: Forcing close of thread 5  user: 'root'

140525  8:13:28 [Warning] D:\Program Files\MySQL\MySQL Server 5.5\bin\mysqld: Forcing close of thread 4  user: 'root'

140525  8:13:28 [Warning] D:\Program Files\MySQL\MySQL Server 5.5\bin\mysqld: Forcing close of thread 3  user: 'root'

140525  8:13:28 [Warning] D:\Program Files\MySQL\MySQL Server 5.5\bin\mysqld: Forcing close of thread 2  user: 'root'

140525  8:13:28 [Warning] D:\Program Files\MySQL\MySQL Server 5.5\bin\mysqld: Forcing close of thread 1  user: 'root'

140525  8:13:28  InnoDB: Starting shutdown...
140525  8:13:29  InnoDB: Shutdown completed; log sequence number 1595675
140525  8:13:29 [Note] D:\Program Files\MySQL\MySQL Server 5.5\bin\mysqld: Shutdown complete

140525  8:13:53 [Note] Plugin 'FEDERATED' is disabled.
140525  8:13:53 InnoDB: The InnoDB memory heap is disabled
140525  8:13:53 InnoDB: Mutexes and rw_locks use Windows interlocked functions
140525  8:13:53 InnoDB: Compressed tables use zlib 1.2.3
140525  8:13:53 InnoDB: Initializing buffer pool, size = 107.0M
140525  8:13:53 InnoDB: Completed initialization of buffer pool
140525  8:13:53 InnoDB: highest supported file format is Barracuda.
140525  8:13:53  InnoDB: Waiting for the background threads to start
140525  8:13:54 InnoDB: 1.1.5 started; log sequence number 1595675
140525  8:13:54 [Note] Event Scheduler: Loaded 0 events
140525  8:13:54 [Note] D:\Program Files\MySQL\MySQL Server 5.5\bin\mysqld: ready for connections.
Version: '5.5.10'  socket: ''  port: 3306  MySQL Community Server (GPL)
140525 19:28:10 [Note] D:\Program Files\MySQL\MySQL Server 5.5\bin\mysqld: Normal shutdown

140525 19:28:10 [Note] Event Scheduler: Purging the queue. 0 events
140525 19:28:10  InnoDB: Starting shutdown...
140525 19:28:11  InnoDB: Shutdown completed; log sequence number 1595675
140525 19:28:11 [Note] D:\Program Files\MySQL\MySQL Server 5.5\bin\mysqld: Shutdown complete

140526 23:31:16 [Note] Plugin 'FEDERATED' is disabled.
140526 23:31:16 InnoDB: The InnoDB memory heap is disabled
140526 23:31:16 InnoDB: Mutexes and rw_locks use Windows interlocked functions
140526 23:31:16 InnoDB: Compressed tables use zlib 1.2.3
140526 23:31:16 InnoDB: Initializing buffer pool, size = 107.0M
140526 23:31:16 InnoDB: Completed initialization of buffer pool
140526 23:31:16 InnoDB: highest supported file format is Barracuda.
140526 23:31:16  InnoDB: Waiting for the background threads to start
140526 23:31:17 InnoDB: 1.1.5 started; log sequence number 1595675
140526 23:31:18 [Note] Event Scheduler: Loaded 0 events
140526 23:31:18 [Note] D:\Program Files\MySQL\MySQL Server 5.5\bin\mysqld: ready for connections.
Version: '5.5.10'  socket: ''  port: 3306  MySQL Community Server (GPL)
140527  0:12:46 [Note] D:\Program Files\MySQL\MySQL Server 5.5\bin\mysqld: Normal shutdown

140527  0:12:46 [Note] Event Scheduler: Purging the queue. 0 events
140527  0:12:46  InnoDB: Starting shutdown...
140527  0:12:46  InnoDB: Shutdown completed; log sequence number 1595675
140527  0:12:46 [Note] D:\Program Files\MySQL\MySQL Server 5.5\bin\mysqld: Shutdown complete

140530 21:29:46 [Note] Plugin 'FEDERATED' is disabled.
140530 21:29:46 InnoDB: The InnoDB memory heap is disabled
140530 21:29:46 InnoDB: Mutexes and rw_locks use Windows interlocked functions
140530 21:29:46 InnoDB: Compressed tables use zlib 1.2.3
140530 21:29:46 InnoDB: Initializing buffer pool, size = 107.0M
140530 21:29:46 InnoDB: Completed initialization of buffer pool
140530 21:29:46 InnoDB: highest supported file format is Barracuda.
140530 21:29:46  InnoDB: Waiting for the background threads to start
140530 21:29:47 InnoDB: 1.1.5 started; log sequence number 1595675
140530 21:29:48 [Note] Event Scheduler: Loaded 0 events
140530 21:29:48 [Note] D:\Program Files\MySQL\MySQL Server 5.5\bin\mysqld: ready for connections.
Version: '5.5.10'  socket: ''  port: 3306  MySQL Community Server (GPL)
140530 22:17:20 [Note] D:\Program Files\MySQL\MySQL Server 5.5\bin\mysqld: Normal shutdown

140530 22:17:20 [Note] Event Scheduler: Purging the queue. 0 events
140530 22:17:20  InnoDB: Starting shutdown...
140530 22:17:20  InnoDB: Shutdown completed; log sequence number 1595675
140530 22:17:20 [Note] D:\Program Files\MySQL\MySQL Server 5.5\bin\mysqld: Shutdown complete

140601 15:51:36 [Note] Plugin 'FEDERATED' is disabled.
140601 15:51:36 InnoDB: The InnoDB memory heap is disabled
140601 15:51:36 InnoDB: Mutexes and rw_locks use Windows interlocked functions
140601 15:51:36 InnoDB: Compressed tables use zlib 1.2.3
140601 15:51:36 InnoDB: Initializing buffer pool, size = 107.0M
140601 15:51:36 InnoDB: Completed initialization of buffer pool
140601 15:51:36 InnoDB: highest supported file format is Barracuda.
140601 15:51:37  InnoDB: Waiting for the background threads to start
140601 15:51:38 InnoDB: 1.1.5 started; log sequence number 1595675
140601 15:51:38 [Note] Event Scheduler: Loaded 0 events
140601 15:51:38 [Note] D:\Program Files\MySQL\MySQL Server 5.5\bin\mysqld: ready for connections.
Version: '5.5.10'  socket: ''  port: 3306  MySQL Community Server (GPL)
140601 17:31:29 [Note] D:\Program Files\MySQL\MySQL Server 5.5\bin\mysqld: Normal shutdown

140601 17:31:29 [Note] Event Scheduler: Purging the queue. 0 events
140601 17:31:29  InnoDB: Starting shutdown...
140601 17:31:30  InnoDB: Shutdown completed; log sequence number 1595675
140601 17:31:30 [Note] D:\Program Files\MySQL\MySQL Server 5.5\bin\mysqld: Shutdown complete

140602 12:08:28 [Note] Plugin 'FEDERATED' is disabled.
140602 12:08:28 InnoDB: The InnoDB memory heap is disabled
140602 12:08:28 InnoDB: Mutexes and rw_locks use Windows interlocked functions
140602 12:08:28 InnoDB: Compressed tables use zlib 1.2.3
140602 12:08:28 InnoDB: Initializing buffer pool, size = 107.0M
140602 12:08:28 InnoDB: Completed initialization of buffer pool
140602 12:08:28 InnoDB: highest supported file format is Barracuda.
140602 12:08:28  InnoDB: Waiting for the background threads to start
140602 12:08:29 InnoDB: 1.1.5 started; log sequence number 1595675
140602 12:08:30 [Note] Event Scheduler: Loaded 0 events
140602 12:08:30 [Note] D:\Program Files\MySQL\MySQL Server 5.5\bin\mysqld: ready for connections.
Version: '5.5.10'  socket: ''  port: 3306  MySQL Community Server (GPL)
140602 13:06:20 [Warning] Invalid (old?) table or database name '#sql-97c_11'
140602 13:06:36 [Warning] Invalid (old?) table or database name '#sql-97c_11'
140602 16:48:54  InnoDB: Error: in ALTER TABLE `jrwatertreat`.`emcsandfilterdetail`
InnoDB: has or is referenced in foreign key constraints
InnoDB: which are not compatible with the new table definition.
140602 16:48:54 [Warning] Invalid (old?) table or database name '#sql-97c_38'
140602 16:48:54  InnoDB: Error: table `jrwatertreat`.`emcsandfilterdetail` does not exist in the InnoDB internal
InnoDB: data dictionary though MySQL is trying to drop it.
InnoDB: Have you copied the .frm file of the table to the
InnoDB: MySQL database directory from another database?
InnoDB: You can look for further help from
InnoDB: http://dev.mysql.com/doc/refman/5.5/en/innodb-troubleshooting.html
140602 16:49:12  InnoDB: Error: in ALTER TABLE `jrwatertreat`.`emcsandfilterdetail`
InnoDB: has or is referenced in foreign key constraints
InnoDB: which are not compatible with the new table definition.
140602 16:49:12 [Warning] Invalid (old?) table or database name '#sql-97c_38'
140602 16:49:12  InnoDB: Error: table `jrwatertreat`.`emcsandfilterdetail` does not exist in the InnoDB internal
InnoDB: data dictionary though MySQL is trying to drop it.
InnoDB: Have you copied the .frm file of the table to the
InnoDB: MySQL database directory from another database?
InnoDB: You can look for further help from
InnoDB: http://dev.mysql.com/doc/refman/5.5/en/innodb-troubleshooting.html
140602 16:49:27  InnoDB: Error: in ALTER TABLE `jrwatertreat`.`emcsandfilterdetail`
InnoDB: has or is referenced in foreign key constraints
InnoDB: which are not compatible with the new table definition.
140602 16:49:27 [Warning] Invalid (old?) table or database name '#sql-97c_38'
140602 16:49:27  InnoDB: Error: table `jrwatertreat`.`emcsandfilterdetail` does not exist in the InnoDB internal
InnoDB: data dictionary though MySQL is trying to drop it.
InnoDB: Have you copied the .frm file of the table to the
InnoDB: MySQL database directory from another database?
InnoDB: You can look for further help from
InnoDB: http://dev.mysql.com/doc/refman/5.5/en/innodb-troubleshooting.html
140602 16:52:04  InnoDB: Error: in ALTER TABLE `jrwatertreat`.`emcsandfilterdaysummary`
InnoDB: has or is referenced in foreign key constraints
InnoDB: which are not compatible with the new table definition.
140602 16:52:04 [Warning] Invalid (old?) table or database name '#sql-97c_38'
140602 16:52:04  InnoDB: Error: table `jrwatertreat`.`emcsandfilterdaysummary` does not exist in the InnoDB internal
InnoDB: data dictionary though MySQL is trying to drop it.
InnoDB: Have you copied the .frm file of the table to the
InnoDB: MySQL database directory from another database?
InnoDB: You can look for further help from
InnoDB: http://dev.mysql.com/doc/refman/5.5/en/innodb-troubleshooting.html
140602 16:52:41  InnoDB: Error: in ALTER TABLE `jrwatertreat`.`emcsandfilterdaysummary`
InnoDB: has or is referenced in foreign key constraints
InnoDB: which are not compatible with the new table definition.
140602 16:52:41 [Warning] Invalid (old?) table or database name '#sql-97c_38'
140602 16:52:41  InnoDB: Error: table `jrwatertreat`.`emcsandfilterdaysummary` does not exist in the InnoDB internal
InnoDB: data dictionary though MySQL is trying to drop it.
InnoDB: Have you copied the .frm file of the table to the
InnoDB: MySQL database directory from another database?
InnoDB: You can look for further help from
InnoDB: http://dev.mysql.com/doc/refman/5.5/en/innodb-troubleshooting.html
140602 16:53:58  InnoDB: Error: in ALTER TABLE `jrwatertreat`.`emcsandfiltermonthsummary`
InnoDB: has or is referenced in foreign key constraints
InnoDB: which are not compatible with the new table definition.
140602 16:53:58 [Warning] Invalid (old?) table or database name '#sql-97c_38'
140602 16:53:58  InnoDB: Error: table `jrwatertreat`.`emcsandfiltermonthsummary` does not exist in the InnoDB internal
InnoDB: data dictionary though MySQL is trying to drop it.
InnoDB: Have you copied the .frm file of the table to the
InnoDB: MySQL database directory from another database?
InnoDB: You can look for further help from
InnoDB: http://dev.mysql.com/doc/refman/5.5/en/innodb-troubleshooting.html
140602 16:54:11  InnoDB: Error: in ALTER TABLE `jrwatertreat`.`emcsandfiltermonthsummary`
InnoDB: has or is referenced in foreign key constraints
InnoDB: which are not compatible with the new table definition.
140602 16:54:11 [Warning] Invalid (old?) table or database name '#sql-97c_38'
140602 16:54:11  InnoDB: Error: table `jrwatertreat`.`emcsandfiltermonthsummary` does not exist in the InnoDB internal
InnoDB: data dictionary though MySQL is trying to drop it.
InnoDB: Have you copied the .frm file of the table to the
InnoDB: MySQL database directory from another database?
InnoDB: You can look for further help from
InnoDB: http://dev.mysql.com/doc/refman/5.5/en/innodb-troubleshooting.html
140602 16:54:38  InnoDB: Error: in ALTER TABLE `jrwatertreat`.`emcsandfiltermonthsummary`
InnoDB: has or is referenced in foreign key constraints
InnoDB: which are not compatible with the new table definition.
140602 16:54:38 [Warning] Invalid (old?) table or database name '#sql-97c_38'
140602 16:54:38  InnoDB: Error: table `jrwatertreat`.`emcsandfiltermonthsummary` does not exist in the InnoDB internal
InnoDB: data dictionary though MySQL is trying to drop it.
InnoDB: Have you copied the .frm file of the table to the
InnoDB: MySQL database directory from another database?
InnoDB: You can look for further help from
InnoDB: http://dev.mysql.com/doc/refman/5.5/en/innodb-troubleshooting.html
140602 16:58:17  InnoDB: Error: in ALTER TABLE `jrwatertreat`.`emcsandfilteryearsummary`
InnoDB: has or is referenced in foreign key constraints
InnoDB: which are not compatible with the new table definition.
140602 16:58:17 [Warning] Invalid (old?) table or database name '#sql-97c_38'
140602 16:58:17  InnoDB: Error: table `jrwatertreat`.`emcsandfilteryearsummary` does not exist in the InnoDB internal
InnoDB: data dictionary though MySQL is trying to drop it.
InnoDB: Have you copied the .frm file of the table to the
InnoDB: MySQL database directory from another database?
InnoDB: You can look for further help from
InnoDB: http://dev.mysql.com/doc/refman/5.5/en/innodb-troubleshooting.html
140602 17:27:28  InnoDB: Error: in ALTER TABLE `jrwatertreat`.`emctankdaysummary`
InnoDB: has or is referenced in foreign key constraints
InnoDB: which are not compatible with the new table definition.
140602 17:27:28 [Warning] Invalid (old?) table or database name '#sql-97c_52'
140602 17:27:28  InnoDB: Error: table `jrwatertreat`.`emctankdaysummary` does not exist in the InnoDB internal
InnoDB: data dictionary though MySQL is trying to drop it.
InnoDB: Have you copied the .frm file of the table to the
InnoDB: MySQL database directory from another database?
InnoDB: You can look for further help from
InnoDB: http://dev.mysql.com/doc/refman/5.5/en/innodb-troubleshooting.html
140602 17:29:05  InnoDB: Error: in ALTER TABLE `jrwatertreat`.`emctankdaysummary`
InnoDB: has or is referenced in foreign key constraints
InnoDB: which are not compatible with the new table definition.
140602 17:29:05 [Warning] Invalid (old?) table or database name '#sql-97c_52'
140602 17:29:05  InnoDB: Error: table `jrwatertreat`.`emctankdaysummary` does not exist in the InnoDB internal
InnoDB: data dictionary though MySQL is trying to drop it.
InnoDB: Have you copied the .frm file of the table to the
InnoDB: MySQL database directory from another database?
InnoDB: You can look for further help from
InnoDB: http://dev.mysql.com/doc/refman/5.5/en/innodb-troubleshooting.html
140602 18:40:38 [Note] Plugin 'FEDERATED' is disabled.
140602 18:40:38 InnoDB: The InnoDB memory heap is disabled
140602 18:40:38 InnoDB: Mutexes and rw_locks use Windows interlocked functions
140602 18:40:38 InnoDB: Compressed tables use zlib 1.2.3
140602 18:40:38 InnoDB: Initializing buffer pool, size = 107.0M
140602 18:40:38 InnoDB: Completed initialization of buffer pool
140602 18:40:39 InnoDB: highest supported file format is Barracuda.
InnoDB: The log sequence number in ibdata files does not match
InnoDB: the log sequence number in the ib_logfiles!
140602 18:40:39  InnoDB: Database was not shut down normally!
InnoDB: Starting crash recovery.
InnoDB: Reading tablespace information from the .ibd files...
InnoDB: Restoring possible half-written data pages from the doublewrite
InnoDB: buffer...
140602 18:40:39  InnoDB: Waiting for the background threads to start
140602 18:40:40 InnoDB: 1.1.5 started; log sequence number 4201361
140602 18:40:40 [ERROR] Native table 'performance_schema'.'events_waits_current' has the wrong structure
140602 18:40:40 [ERROR] Native table 'performance_schema'.'events_waits_history' has the wrong structure
140602 18:40:40 [ERROR] Native table 'performance_schema'.'events_waits_history_long' has the wrong structure
140602 18:40:40 [ERROR] Native table 'performance_schema'.'setup_consumers' has the wrong structure
140602 18:40:40 [ERROR] Native table 'performance_schema'.'setup_instruments' has the wrong structure
140602 18:40:40 [ERROR] Native table 'performance_schema'.'setup_timers' has the wrong structure
140602 18:40:40 [ERROR] Native table 'performance_schema'.'performance_timers' has the wrong structure
140602 18:40:40 [ERROR] Native table 'performance_schema'.'threads' has the wrong structure
140602 18:40:40 [ERROR] Native table 'performance_schema'.'events_waits_summary_by_thread_by_event_name' has the wrong structure
140602 18:40:40 [ERROR] Native table 'performance_schema'.'events_waits_summary_by_instance' has the wrong structure
140602 18:40:40 [ERROR] Native table 'performance_schema'.'events_waits_summary_global_by_event_name' has the wrong structure
140602 18:40:40 [ERROR] Native table 'performance_schema'.'file_summary_by_event_name' has the wrong structure
140602 18:40:40 [ERROR] Native table 'performance_schema'.'file_summary_by_instance' has the wrong structure
140602 18:40:40 [ERROR] Native table 'performance_schema'.'mutex_instances' has the wrong structure
140602 18:40:40 [ERROR] Native table 'performance_schema'.'rwlock_instances' has the wrong structure
140602 18:40:40 [ERROR] Native table 'performance_schema'.'cond_instances' has the wrong structure
140602 18:40:40 [ERROR] Native table 'performance_schema'.'file_instances' has the wrong structure
140602 18:40:40 [Note] Event Scheduler: Loaded 0 events
140602 18:40:40 [Note] D:\Program Files\MySQL\MySQL Server 5.5\bin\mysqld: ready for connections.
Version: '5.5.10'  socket: ''  port: 3306  MySQL Community Server (GPL)
